<?xml version="1.0" encoding="UTF-8"?>
<!-- Generated by org.testng.reporters.JUnitReportReporter -->
<testsuite hostname="GB5CG8397K6N" failures="0" tests="2" name="test.demo2" time="0.005" errors="0" timestamp="2019-09-30T16:36:11 BST" skipped="0">
  <testcase classname="test.demo2" name="ploan" time="0.002"/>
  <testcase classname="test.demo2" name="personal" time="0.003"/>
</testsuite> <!-- test.demo2 -->
