<?xml version="1.0" encoding="UTF-8"?>
<!-- Generated by org.testng.reporters.JUnitReportReporter -->
<testsuite hostname="GB5CG8397K6N" failures="0" tests="1" name="test.demo1" time="0.013" errors="0" timestamp="2019-09-30T17:08:25 BST" skipped="0">
  <testcase classname="test.demo1" name="testcase" time="0.013"/>
</testsuite> <!-- test.demo1 -->
